# JRE version: Java(TM) SE Runtime Environment (8.0_25-b17) (build 1.8.0_25-b17)
# Java VM: Java HotSpot(TM) 64-Bit Server VM (25.25-b02 mixed mode bsd-amd64 compressed oops)
Heap:
 PSYoungGen      total 142848K, used 8864K [0x0000000795580000, 0x000000079ed80000, 0x00000007c0000000)
  eden space 132608K, 0% used [0x0000000795580000,0x0000000795580000,0x000000079d700000)
  from space 10240K, 86% used [0x000000079d700000,0x000000079dfa8170,0x000000079e100000)
  to   space 11264K, 0% used [0x000000079e280000,0x000000079e280000,0x000000079ed80000)
 ParOldGen       total 87552K, used 8643K [0x0000000740000000, 0x0000000745580000, 0x0000000795580000)
  object space 87552K, 9% used [0x0000000740000000,0x0000000740870d38,0x0000000745580000)
 Metaspace       used 19716K, capacity 20458K, committed 20736K, reserved 1067008K
  class space    used 2311K, capacity 2559K, committed 2560K, reserved 1048576K
GC Heap History (10 events):
Event: 2.390 GC heap after
Heap after GC invocations=3 (full 0):
 PSYoungGen      total 38400K, used 5092K [0x0000000795580000, 0x000000079a080000, 0x00000007c0000000)
  eden space 33280K, 0% used [0x0000000795580000,0x0000000795580000,0x0000000797600000)
  from space 5120K, 99% used [0x0000000797600000,0x0000000797af93d8,0x0000000797b00000)
  to   space 5120K, 0% used [0x0000000799b80000,0x0000000799b80000,0x000000079a080000)
 ParOldGen       total 87552K, used 1862K [0x0000000740000000, 0x0000000745580000, 0x0000000795580000)
  object space 87552K, 2% used [0x0000000740000000,0x00000007401d1a20,0x0000000745580000)
 Metaspace       used 13127K, capacity 13386K, committed 13568K, reserved 1060864K
  class space    used 1609K, capacity 1686K, committed 1792K, reserved 1048576K
}
Event: 2.793 GC heap before
{Heap before GC invocations=4 (full 0):
 PSYoungGen      total 38400K, used 38372K [0x0000000795580000, 0x000000079a080000, 0x00000007c0000000)
  eden space 33280K, 100% used [0x0000000795580000,0x0000000797600000,0x0000000797600000)
  from space 5120K, 99% used [0x0000000797600000,0x0000000797af93d8,0x0000000797b00000)
  to   space 5120K, 0% used [0x0000000799b80000,0x0000000799b80000,0x000000079a080000)
 ParOldGen       total 87552K, used 1862K [0x0000000740000000, 0x0000000745580000, 0x0000000795580000)
  object space 87552K, 2% used [0x0000000740000000,0x00000007401d1a20,0x0000000745580000)
 Metaspace       used 13427K, capacity 13686K, committed 13824K, reserved 1060864K
  class space    used 1625K, capacity 1720K, committed 1792K, reserved 1048576K
Event: 2.806 GC heap after
Heap after GC invocations=4 (full 0):
 PSYoungGen      total 71680K, used 5120K [0x0000000795580000, 0x000000079a080000, 0x00000007c0000000)
  eden space 66560K, 0% used [0x0000000795580000,0x0000000795580000,0x0000000799680000)
  from space 5120K, 100% used [0x0000000799b80000,0x000000079a080000,0x000000079a080000)
  to   space 5120K, 0% used [0x0000000799680000,0x0000000799680000,0x0000000799b80000)
 ParOldGen       total 87552K, used 3618K [0x0000000740000000, 0x0000000745580000, 0x0000000795580000)
  object space 87552K, 4% used [0x0000000740000000,0x0000000740388ab8,0x0000000745580000)
 Metaspace       used 13427K, capacity 13686K, committed 13824K, reserved 1060864K
  class space    used 1625K, capacity 1720K, committed 1792K, reserved 1048576K
}
Event: 3.767 GC heap before
{Heap before GC invocations=5 (full 0):
 PSYoungGen      total 71680K, used 71680K [0x0000000795580000, 0x000000079a080000, 0x00000007c0000000)
  eden space 66560K, 100% used [0x0000000795580000,0x0000000799680000,0x0000000799680000)
  from space 5120K, 100% used [0x0000000799b80000,0x000000079a080000,0x000000079a080000)
  to   space 5120K, 0% used [0x0000000799680000,0x0000000799680000,0x0000000799b80000)
 ParOldGen       total 87552K, used 3618K [0x0000000740000000, 0x0000000745580000, 0x0000000795580000)
  object space 87552K, 4% used [0x0000000740000000,0x0000000740388ab8,0x0000000745580000)
 Metaspace       used 14452K, capacity 14796K, committed 14976K, reserved 1062912K
  class space    used 1702K, capacity 1833K, committed 1920K, reserved 1048576K
Event: 3.789 GC heap after
Heap after GC invocations=5 (full 0):
 PSYoungGen      total 71680K, used 5104K [0x0000000795580000, 0x000000079ea80000, 0x00000007c0000000)
  eden space 66560K, 0% used [0x0000000795580000,0x0000000795580000,0x0000000799680000)
  from space 5120K, 99% used [0x0000000799680000,0x0000000799b7c010,0x0000000799b80000)
  to   space 9728K, 0% used [0x000000079e100000,0x000000079e100000,0x000000079ea80000)
 ParOldGen       total 87552K, used 7075K [0x0000000740000000, 0x0000000745580000, 0x0000000795580000)
  object space 87552K, 8% used [0x0000000740000000,0x00000007406e8ce8,0x0000000745580000)
 Metaspace       used 14452K, capacity 14796K, committed 14976K, reserved 1062912K
  class space    used 1702K, capacity 1833K, committed 1920K, reserved 1048576K
}
Event: 5.300 GC heap before
{Heap before GC invocations=6 (full 0):
 PSYoungGen      total 71680K, used 71664K [0x0000000795580000, 0x000000079ea80000, 0x00000007c0000000)
  eden space 66560K, 100% used [0x0000000795580000,0x0000000799680000,0x0000000799680000)
  from space 5120K, 99% used [0x0000000799680000,0x0000000799b7c010,0x0000000799b80000)
  to   space 9728K, 0% used [0x000000079e100000,0x000000079e100000,0x000000079ea80000)
 ParOldGen       total 87552K, used 7075K [0x0000000740000000, 0x0000000745580000, 0x0000000795580000)
  object space 87552K, 8% used [0x0000000740000000,0x00000007406e8ce8,0x0000000745580000)
 Metaspace       used 16398K, capacity 16946K, committed 17280K, reserved 1064960K
  class space    used 1893K, capacity 2077K, committed 2176K, reserved 1048576K
Event: 5.316 GC heap after
Heap after GC invocations=6 (full 0):
 PSYoungGen      total 142336K, used 8273K [0x0000000795580000, 0x000000079eb80000, 0x00000007c0000000)
  eden space 132608K, 0% used [0x0000000795580000,0x0000000795580000,0x000000079d700000)
  from space 9728K, 85% used [0x000000079e100000,0x000000079e914608,0x000000079ea80000)
  to   space 10240K, 0% used [0x000000079d700000,0x000000079d700000,0x000000079e100000)
 ParOldGen       total 87552K, used 7083K [0x0000000740000000, 0x0000000745580000, 0x0000000795580000)
  object space 87552K, 8% used [0x0000000740000000,0x00000007406eace8,0x0000000745580000)
 Metaspace       used 16398K, capacity 16946K, committed 17280K, reserved 1064960K
  class space    used 1893K, capacity 2077K, committed 2176K, reserved 1048576K
}
Event: 7.647 GC heap before
{Heap before GC invocations=7 (full 0):
 PSYoungGen      total 142336K, used 54160K [0x0000000795580000, 0x000000079eb80000, 0x00000007c0000000)
  eden space 132608K, 34% used [0x0000000795580000,0x000000079824fb78,0x000000079d700000)
  from space 9728K, 85% used [0x000000079e100000,0x000000079e914608,0x000000079ea80000)
  to   space 10240K, 0% used [0x000000079d700000,0x000000079d700000,0x000000079e100000)
 ParOldGen       total 87552K, used 7083K [0x0000000740000000, 0x0000000745580000, 0x0000000795580000)
  object space 87552K, 8% used [0x0000000740000000,0x00000007406eace8,0x0000000745580000)
 Metaspace       used 19716K, capacity 20458K, committed 20736K, reserved 1067008K
  class space    used 2311K, capacity 2559K, committed 2560K, reserved 1048576K
Event: 7.671 GC heap after
Heap after GC invocations=7 (full 0):
 PSYoungGen      total 142848K, used 8864K [0x0000000795580000, 0x000000079ed80000, 0x00000007c0000000)
  eden space 132608K, 0% used [0x0000000795580000,0x0000000795580000,0x000000079d700000)
  from space 10240K, 86% used [0x000000079d700000,0x000000079dfa8170,0x000000079e100000)
  to   space 11264K, 0% used [0x000000079e280000,0x000000079e280000,0x000000079ed80000)
 ParOldGen       total 87552K, used 8643K [0x0000000740000000, 0x0000000745580000, 0x0000000795580000)
  object space 87552K, 9% used [0x0000000740000000,0x0000000740870d38,0x0000000745580000)
 Metaspace       used 19716K, capacity 20458K, committed 20736K, reserved 1067008K
  class space    used 2311K, capacity 2559K, committed 2560K, reserved 1048576K
}
Event: 7.671 GC heap before
{Heap before GC invocations=8 (full 1):
 PSYoungGen      total 142848K, used 8864K [0x0000000795580000, 0x000000079ed80000, 0x00000007c0000000)
  eden space 132608K, 0% used [0x0000000795580000,0x0000000795580000,0x000000079d700000)
  from space 10240K, 86% used [0x000000079d700000,0x000000079dfa8170,0x000000079e100000)
  to   space 11264K, 0% used [0x000000079e280000,0x000000079e280000,0x000000079ed80000)
 ParOldGen       total 87552K, used 8643K [0x0000000740000000, 0x0000000745580000, 0x0000000795580000)
  object space 87552K, 9% used [0x0000000740000000,0x0000000740870d38,0x0000000745580000)
 Metaspace       used 19716K, capacity 20458K, committed 20736K, reserved 1067008K
  class space    used 2311K, capacity 2559K, committed 2560K, reserved 1048576K

